;  LST file generated by mikroListExporter - v.2.0 
; Date/Time: 17/12/2024 16:26:52
;----------------------------------------------

;Address Opcode 	ASM
0x0000	0x020363  	LJMP 867
0x0003	0x020000  	LJMP 0
0x0006	0x00      	NOP
0x0007	0x00      	NOP
0x0008	0x00      	NOP
0x0009	0x00      	NOP
0x000A	0x00      	NOP
0x000B	0x020000  	LJMP 0
0x000E	0x00      	NOP
0x000F	0x00      	NOP
0x0010	0x00      	NOP
0x0011	0x00      	NOP
0x0012	0x00      	NOP
0x0013	0x020000  	LJMP 0
0x0016	0x00      	NOP
0x0017	0x00      	NOP
0x0018	0x00      	NOP
0x0019	0x00      	NOP
0x001A	0x00      	NOP
0x001B	0x020000  	LJMP 0
0x001E	0x00      	NOP
0x001F	0x00      	NOP
0x0020	0x00      	NOP
0x0021	0x00      	NOP
0x0022	0x00      	NOP
0x0023	0x020000  	LJMP 0
_Delay_50us:
;__Lib_Delays.c,138 :: 		void Delay_50us() {
;__Lib_Delays.c,139 :: 		Delay_us(50);
0x0026	0x7F14    	MOV R7, 20
0x0028	0xDFFE    	DJNZ R7, PC-2
0x002A	0x00      	NOP
;__Lib_Delays.c,140 :: 		}
0x002B	0x22      	RET
; end of _Delay_50us
_Delay_5500us:
;__Lib_Delays.c,213 :: 		void Delay_5500us() {
;__Lib_Delays.c,214 :: 		Delay_us(5500);
0x002C	0x7E09    	MOV R6, 9
0x002E	0x7FE9    	MOV R7, 233
0x0030	0xDFFE    	DJNZ R7, PC-2
0x0032	0xDEFC    	DJNZ R6, PC-4
0x0034	0x00      	NOP
;__Lib_Delays.c,215 :: 		}
0x0035	0x22      	RET
; end of _Delay_5500us
_Delay_1us:
;__Lib_Delays.c,63 :: 		void Delay_1us() {
;__Lib_Delays.c,64 :: 		Delay_us(1);
0x0036	0x00      	NOP
;__Lib_Delays.c,65 :: 		}
0x0037	0x22      	RET
; end of _Delay_1us
_Lcd_Cmd:
;__Lib_Lcd.c,13 :: 		
;__Lib_Lcd.c,14 :: 		
0x0038	0xE518    	MOV A, FARG_Lcd_Cmd_out_char
0x003A	0x5480    	ANL A, #128
0x003C	0xF8      	MOV R0, A
0x003D	0x630080  	XRL R0, #128
0x0040	0xE8      	MOV A, R0
0x0041	0x6004    	JZ L__Lcd_Cmd24
0x0043	0x7800    	MOV R0, #0
0x0045	0x8002    	SJMP L__Lcd_Cmd25
L__Lcd_Cmd24:
0x0047	0x7801    	MOV R0, #1
L__Lcd_Cmd25:
0x0049	0xE8      	MOV A, R0
0x004A	0x13      	RRC A
0x004B	0x92A5    	MOV LCD_D7, C
;__Lib_Lcd.c,15 :: 		
0x004D	0xE518    	MOV A, FARG_Lcd_Cmd_out_char
0x004F	0x5440    	ANL A, #64
0x0051	0xF8      	MOV R0, A
0x0052	0x630040  	XRL R0, #64
0x0055	0xE8      	MOV A, R0
0x0056	0x6004    	JZ L__Lcd_Cmd26
0x0058	0x7800    	MOV R0, #0
0x005A	0x8002    	SJMP L__Lcd_Cmd27
L__Lcd_Cmd26:
0x005C	0x7801    	MOV R0, #1
L__Lcd_Cmd27:
0x005E	0xE8      	MOV A, R0
0x005F	0x13      	RRC A
0x0060	0x92A4    	MOV LCD_D6, C
;__Lib_Lcd.c,16 :: 		
0x0062	0xE518    	MOV A, FARG_Lcd_Cmd_out_char
0x0064	0x5420    	ANL A, #32
0x0066	0xF8      	MOV R0, A
0x0067	0x630020  	XRL R0, #32
0x006A	0xE8      	MOV A, R0
0x006B	0x6004    	JZ L__Lcd_Cmd28
0x006D	0x7800    	MOV R0, #0
0x006F	0x8002    	SJMP L__Lcd_Cmd29
L__Lcd_Cmd28:
0x0071	0x7801    	MOV R0, #1
L__Lcd_Cmd29:
0x0073	0xE8      	MOV A, R0
0x0074	0x13      	RRC A
0x0075	0x92A3    	MOV LCD_D5, C
;__Lib_Lcd.c,17 :: 		
0x0077	0xE518    	MOV A, FARG_Lcd_Cmd_out_char
0x0079	0x5410    	ANL A, #16
0x007B	0xF8      	MOV R0, A
0x007C	0x630010  	XRL R0, #16
0x007F	0xE8      	MOV A, R0
0x0080	0x6004    	JZ L__Lcd_Cmd30
0x0082	0x7800    	MOV R0, #0
0x0084	0x8002    	SJMP L__Lcd_Cmd31
L__Lcd_Cmd30:
0x0086	0x7801    	MOV R0, #1
L__Lcd_Cmd31:
0x0088	0xE8      	MOV A, R0
0x0089	0x13      	RRC A
0x008A	0x92A2    	MOV LCD_D4, C
;__Lib_Lcd.c,19 :: 		
0x008C	0xE509    	MOV A, _cmd_status
0x008E	0x6004    	JZ L_Lcd_Cmd0
0x0090	0x7800    	MOV R0, #0
0x0092	0x8002    	SJMP L_Lcd_Cmd1
L_Lcd_Cmd0:
0x0094	0x7801    	MOV R0, #1
L_Lcd_Cmd1:
0x0096	0xE8      	MOV A, R0
0x0097	0x13      	RRC A
0x0098	0x92A0    	MOV LCD_RS, C
;__Lib_Lcd.c,21 :: 		
0x009A	0xD2A1    	SETB LCD_EN
;__Lib_Lcd.c,22 :: 		
0x009C	0x1136    	ACALL _Delay_1us
;__Lib_Lcd.c,23 :: 		
0x009E	0xC2A1    	CLR LCD_EN
;__Lib_Lcd.c,25 :: 		
0x00A0	0xE518    	MOV A, FARG_Lcd_Cmd_out_char
0x00A2	0x5408    	ANL A, #8
0x00A4	0xF8      	MOV R0, A
0x00A5	0x630008  	XRL R0, #8
0x00A8	0xE8      	MOV A, R0
0x00A9	0x6004    	JZ L__Lcd_Cmd32
0x00AB	0x7800    	MOV R0, #0
0x00AD	0x8002    	SJMP L__Lcd_Cmd33
L__Lcd_Cmd32:
0x00AF	0x7801    	MOV R0, #1
L__Lcd_Cmd33:
0x00B1	0xE8      	MOV A, R0
0x00B2	0x13      	RRC A
0x00B3	0x92A5    	MOV LCD_D7, C
;__Lib_Lcd.c,26 :: 		
0x00B5	0xE518    	MOV A, FARG_Lcd_Cmd_out_char
0x00B7	0x5404    	ANL A, #4
0x00B9	0xF8      	MOV R0, A
0x00BA	0x630004  	XRL R0, #4
0x00BD	0xE8      	MOV A, R0
0x00BE	0x6004    	JZ L__Lcd_Cmd34
0x00C0	0x7800    	MOV R0, #0
0x00C2	0x8002    	SJMP L__Lcd_Cmd35
L__Lcd_Cmd34:
0x00C4	0x7801    	MOV R0, #1
L__Lcd_Cmd35:
0x00C6	0xE8      	MOV A, R0
0x00C7	0x13      	RRC A
0x00C8	0x92A4    	MOV LCD_D6, C
;__Lib_Lcd.c,27 :: 		
0x00CA	0xE518    	MOV A, FARG_Lcd_Cmd_out_char
0x00CC	0x5402    	ANL A, #2
0x00CE	0xF8      	MOV R0, A
0x00CF	0x630002  	XRL R0, #2
0x00D2	0xE8      	MOV A, R0
0x00D3	0x6004    	JZ L__Lcd_Cmd36
0x00D5	0x7800    	MOV R0, #0
0x00D7	0x8002    	SJMP L__Lcd_Cmd37
L__Lcd_Cmd36:
0x00D9	0x7801    	MOV R0, #1
L__Lcd_Cmd37:
0x00DB	0xE8      	MOV A, R0
0x00DC	0x13      	RRC A
0x00DD	0x92A3    	MOV LCD_D5, C
;__Lib_Lcd.c,28 :: 		
0x00DF	0xE518    	MOV A, FARG_Lcd_Cmd_out_char
0x00E1	0x5401    	ANL A, #1
0x00E3	0xF8      	MOV R0, A
0x00E4	0x630001  	XRL R0, #1
0x00E7	0xE8      	MOV A, R0
0x00E8	0x6004    	JZ L__Lcd_Cmd38
0x00EA	0x7800    	MOV R0, #0
0x00EC	0x8002    	SJMP L__Lcd_Cmd39
L__Lcd_Cmd38:
0x00EE	0x7801    	MOV R0, #1
L__Lcd_Cmd39:
0x00F0	0xE8      	MOV A, R0
0x00F1	0x13      	RRC A
0x00F2	0x92A2    	MOV LCD_D4, C
;__Lib_Lcd.c,30 :: 		
0x00F4	0xE509    	MOV A, _cmd_status
0x00F6	0x6004    	JZ L_Lcd_Cmd2
0x00F8	0x7800    	MOV R0, #0
0x00FA	0x8002    	SJMP L_Lcd_Cmd3
L_Lcd_Cmd2:
0x00FC	0x7801    	MOV R0, #1
L_Lcd_Cmd3:
0x00FE	0xE8      	MOV A, R0
0x00FF	0x13      	RRC A
0x0100	0x92A0    	MOV LCD_RS, C
;__Lib_Lcd.c,32 :: 		
0x0102	0xD2A1    	SETB LCD_EN
;__Lib_Lcd.c,33 :: 		
0x0104	0x1136    	ACALL _Delay_1us
;__Lib_Lcd.c,34 :: 		
0x0106	0xC2A1    	CLR LCD_EN
;__Lib_Lcd.c,36 :: 		
0x0108	0xE509    	MOV A, _cmd_status
0x010A	0x6004    	JZ L_Lcd_Cmd4
;__Lib_Lcd.c,37 :: 		
0x010C	0x112C    	ACALL _Delay_5500us
0x010E	0x8002    	SJMP L_Lcd_Cmd5
L_Lcd_Cmd4:
;__Lib_Lcd.c,39 :: 		
0x0110	0x1126    	ACALL _Delay_50us
L_Lcd_Cmd5:
;__Lib_Lcd.c,40 :: 		
0x0112	0x22      	RET
; end of _Lcd_Cmd
_Delay_10us:
;__Lib_Delays.c,88 :: 		void Delay_10us() {
;__Lib_Delays.c,89 :: 		Delay_us(10);
0x0113	0x7F03    	MOV R7, 3
0x0115	0xDFFE    	DJNZ R7, PC-2
0x0117	0x00      	NOP
;__Lib_Delays.c,90 :: 		}
0x0118	0x22      	RET
; end of _Delay_10us
_Lcd_Chr_CP:
;__Lib_Lcd.c,42 :: 		
;__Lib_Lcd.c,44 :: 		
0x0119	0x750900  	MOV _cmd_status, #0
;__Lib_Lcd.c,45 :: 		
0x011C	0x851318  	MOV FARG_Lcd_Cmd_out_char, FARG_Lcd_Chr_CP_out_char+0
0x011F	0x1138    	ACALL _Lcd_Cmd
;__Lib_Lcd.c,46 :: 		
0x0121	0x750901  	MOV _cmd_status, #1
;__Lib_Lcd.c,47 :: 		
0x0124	0x22      	RET
; end of _Lcd_Chr_CP
_Keypad_Key_Press:
;__Lib_Keypad4x4.c,46 :: 		
;__Lib_Keypad4x4.c,51 :: 		
0x0125	0x751300  	MOV Keypad_Key_Press_rslt_L0, #0
;__Lib_Keypad4x4.c,52 :: 		
0x0128	0x751500  	MOV Keypad_Key_Press_loc_L0, #0
;__Lib_Keypad4x4.c,53 :: 		
0x012B	0x751600  	MOV Keypad_Key_Press_rowcnt_L0, #0
;__Lib_Keypad4x4.c,54 :: 		
0x012E	0x751710  	MOV Keypad_Key_Press_shifter_L0, #16
;__Lib_Keypad4x4.c,55 :: 		
L_Keypad_Key_Press0:
0x0131	0xC3      	CLR C
0x0132	0xE516    	MOV A, Keypad_Key_Press_rowcnt_L0
0x0134	0x9404    	SUBB A, #4
0x0136	0x5050    	JNC L_Keypad_Key_Press1
;__Lib_Keypad4x4.c,56 :: 		
0x0138	0x7580F0  	MOV keypadPort, #240
;__Lib_Keypad4x4.c,57 :: 		
0x013B	0xE517    	MOV A, Keypad_Key_Press_shifter_L0
0x013D	0x64FF    	XRL A, #255
0x013F	0xF580    	MOV keypadPort, A
;__Lib_Keypad4x4.c,58 :: 		
0x0141	0x1136    	ACALL _Delay_1us
;__Lib_Keypad4x4.c,59 :: 		
0x0143	0x1136    	ACALL _Delay_1us
;__Lib_Keypad4x4.c,60 :: 		
0x0145	0xE580    	MOV A, keypadPort
0x0147	0x44F0    	ORL A, #240
0x0149	0xF8      	MOV R0, A
0x014A	0x850014  	MOV Keypad_Key_Press_kdata_L0, 0
;__Lib_Keypad4x4.c,61 :: 		
0x014D	0x6300FF  	XRL R0, #255
0x0150	0x850014  	MOV Keypad_Key_Press_kdata_L0, 0
;__Lib_Keypad4x4.c,62 :: 		
0x0153	0xE8      	MOV A, R0
0x0154	0x601B    	JZ L_Keypad_Key_Press2
;__Lib_Keypad4x4.c,64 :: 		
0x0156	0x851513  	MOV Keypad_Key_Press_rslt_L0, Keypad_Key_Press_loc_L0+0
;__Lib_Keypad4x4.c,65 :: 		
L_Keypad_Key_Press3:
0x0159	0xE514    	MOV A, Keypad_Key_Press_kdata_L0
0x015B	0x6011    	JZ L_Keypad_Key_Press4
;__Lib_Keypad4x4.c,66 :: 		
0x015D	0x7801    	MOV R0, #1
0x015F	0xE514    	MOV A, Keypad_Key_Press_kdata_L0
0x0161	0x08      	INC R0
0x0162	0x8002    	SJMP L__Keypad_Key_Press7
L__Keypad_Key_Press8:
0x0164	0xC3      	CLR C
0x0165	0x13      	RRC A
L__Keypad_Key_Press7:
0x0166	0xD8FC    	DJNZ R0, L__Keypad_Key_Press8
0x0168	0xF514    	MOV Keypad_Key_Press_kdata_L0, A
;__Lib_Keypad4x4.c,67 :: 		
0x016A	0x0513    	INC Keypad_Key_Press_rslt_L0
;__Lib_Keypad4x4.c,68 :: 		
0x016C	0x80EB    	SJMP L_Keypad_Key_Press3
L_Keypad_Key_Press4:
;__Lib_Keypad4x4.c,70 :: 		
0x016E	0x751604  	MOV Keypad_Key_Press_rowcnt_L0, #4
;__Lib_Keypad4x4.c,71 :: 		
L_Keypad_Key_Press2:
;__Lib_Keypad4x4.c,72 :: 		
0x0171	0x7801    	MOV R0, #1
0x0173	0xE517    	MOV A, Keypad_Key_Press_shifter_L0
0x0175	0x08      	INC R0
0x0176	0x8002    	SJMP L__Keypad_Key_Press9
L__Keypad_Key_Press10:
0x0178	0xC3      	CLR C
0x0179	0x33      	RLC A
L__Keypad_Key_Press9:
0x017A	0xD8FC    	DJNZ R0, L__Keypad_Key_Press10
0x017C	0xF517    	MOV Keypad_Key_Press_shifter_L0, A
;__Lib_Keypad4x4.c,73 :: 		
0x017E	0xE515    	MOV A, Keypad_Key_Press_loc_L0
0x0180	0x2404    	ADD A, #4
0x0182	0xF515    	MOV Keypad_Key_Press_loc_L0, A
;__Lib_Keypad4x4.c,74 :: 		
0x0184	0x0516    	INC Keypad_Key_Press_rowcnt_L0
;__Lib_Keypad4x4.c,75 :: 		
0x0186	0x80A9    	SJMP L_Keypad_Key_Press0
L_Keypad_Key_Press1:
;__Lib_Keypad4x4.c,77 :: 		
0x0188	0xA813    	MOV R0, Keypad_Key_Press_rslt_L0
;__Lib_Keypad4x4.c,78 :: 		
0x018A	0x22      	RET
; end of _Keypad_Key_Press
_hexToDec:
;BTH2_2.c,15 :: 		unsigned short hexToDec(char hex)      //chuyen doi mot ki tu Hex thanh so thap phan
;BTH2_2.c,17 :: 		if (hex >= '0' && hex <= '9') {
0x018B	0xC3      	CLR C
0x018C	0xE50F    	MOV A, FARG_hexToDec_hex
0x018E	0x9430    	SUBB A, #48
0x0190	0x400E    	JC L_hexToDec2
0x0192	0xD3      	SETB C
0x0193	0xE50F    	MOV A, FARG_hexToDec_hex
0x0195	0x9439    	SUBB A, #57
0x0197	0x5007    	JNC L_hexToDec2
L__hexToDec47:
;BTH2_2.c,18 :: 		return hex - '0';//gia tri 0 tuong duong 48 lay gia tri dec
0x0199	0xC3      	CLR C
0x019A	0xE50F    	MOV A, FARG_hexToDec_hex
0x019C	0x9430    	SUBB A, #48
0x019E	0xF8      	MOV R0, A
0x019F	0x22      	RET
;BTH2_2.c,19 :: 		} else if (hex >= 'A' && hex <= 'F')
L_hexToDec2:
0x01A0	0xC3      	CLR C
0x01A1	0xE50F    	MOV A, FARG_hexToDec_hex
0x01A3	0x9441    	SUBB A, #65
0x01A5	0x4013    	JC L_hexToDec6
0x01A7	0xD3      	SETB C
0x01A8	0xE50F    	MOV A, FARG_hexToDec_hex
0x01AA	0x9446    	SUBB A, #70
0x01AC	0x500C    	JNC L_hexToDec6
L__hexToDec46:
;BTH2_2.c,21 :: 		return hex - 'A' + 10;
0x01AE	0xC3      	CLR C
0x01AF	0xE50F    	MOV A, FARG_hexToDec_hex
0x01B1	0x9441    	SUBB A, #65
0x01B3	0xF9      	MOV R1, A
0x01B4	0x780A    	MOV R0, #10
0x01B6	0xE9      	MOV A, R1
0x01B7	0x28      	ADD A, R0
0x01B8	0xF8      	MOV R0, A
0x01B9	0x22      	RET
;BTH2_2.c,22 :: 		}
L_hexToDec6:
;BTH2_2.c,23 :: 		return 0;// neu Hex khong nam trong hai khoang tren tra ve gia tri 0
0x01BA	0x7800    	MOV R0, #0
;BTH2_2.c,24 :: 		}
0x01BC	0x22      	RET
; end of _hexToDec
_LCD_Out:
;__Lib_Lcd.c,176 :: 		
;__Lib_Lcd.c,179 :: 		
0x01BD	0x8019    	SJMP L_LCD_Out15
;__Lib_Lcd.c,180 :: 		
L_LCD_Out17:
0x01BF	0x750F80  	MOV FARG_LCD_Out_row, #128
0x01C2	0x802E    	SJMP L_LCD_Out16
;__Lib_Lcd.c,181 :: 		
L_LCD_Out18:
0x01C4	0x750FC0  	MOV FARG_LCD_Out_row, #192
0x01C7	0x8029    	SJMP L_LCD_Out16
;__Lib_Lcd.c,182 :: 		
L_LCD_Out19:
0x01C9	0x750F94  	MOV FARG_LCD_Out_row, #148
0x01CC	0x8024    	SJMP L_LCD_Out16
;__Lib_Lcd.c,183 :: 		
L_LCD_Out20:
0x01CE	0x750FD4  	MOV FARG_LCD_Out_row, #212
0x01D1	0x801F    	SJMP L_LCD_Out16
;__Lib_Lcd.c,184 :: 		
L_LCD_Out21:
0x01D3	0x750F80  	MOV FARG_LCD_Out_row, #128
;__Lib_Lcd.c,185 :: 		
0x01D6	0x801A    	SJMP L_LCD_Out16
L_LCD_Out15:
0x01D8	0xE50F    	MOV A, FARG_LCD_Out_row
0x01DA	0x6401    	XRL A, #1
0x01DC	0x60E1    	JZ L_LCD_Out17
0x01DE	0xE50F    	MOV A, FARG_LCD_Out_row
0x01E0	0x6402    	XRL A, #2
0x01E2	0x60E0    	JZ L_LCD_Out18
0x01E4	0xE50F    	MOV A, FARG_LCD_Out_row
0x01E6	0x6403    	XRL A, #3
0x01E8	0x60DF    	JZ L_LCD_Out19
0x01EA	0xE50F    	MOV A, FARG_LCD_Out_row
0x01EC	0x6404    	XRL A, #4
0x01EE	0x60DE    	JZ L_LCD_Out20
0x01F0	0x80E1    	SJMP L_LCD_Out21
L_LCD_Out16:
;__Lib_Lcd.c,186 :: 		
0x01F2	0xC3      	CLR C
0x01F3	0xE510    	MOV A, FARG_LCD_Out_column
0x01F5	0x9401    	SUBB A, #1
0x01F7	0xF8      	MOV R0, A
0x01F8	0xE50F    	MOV A, FARG_LCD_Out_row
0x01FA	0x28      	ADD A, R0
0x01FB	0xF8      	MOV R0, A
0x01FC	0x85000F  	MOV FARG_LCD_Out_row, 0
;__Lib_Lcd.c,188 :: 		
0x01FF	0x850018  	MOV FARG_Lcd_Cmd_out_char, 0
0x0202	0x1138    	ACALL _Lcd_Cmd
;__Lib_Lcd.c,189 :: 		
0x0204	0x750900  	MOV _cmd_status, #0
;__Lib_Lcd.c,190 :: 		
0x0207	0x751200  	MOV LCD_Out_i_L0, #0
;__Lib_Lcd.c,191 :: 		
L_LCD_Out22:
0x020A	0xE511    	MOV A, FARG_LCD_Out_text
0x020C	0x2512    	ADD A, LCD_Out_i_L0
0x020E	0xF8      	MOV R0, A
0x020F	0xE6      	MOV A, @R0
0x0210	0x600D    	JZ L_LCD_Out23
;__Lib_Lcd.c,192 :: 		
0x0212	0xE511    	MOV A, FARG_LCD_Out_text
0x0214	0x2512    	ADD A, LCD_Out_i_L0
0x0216	0xF8      	MOV R0, A
0x0217	0x8613    	MOV FARG_Lcd_Chr_CP_out_char, @R0
0x0219	0x3119    	ACALL _Lcd_Chr_CP
0x021B	0x0512    	INC LCD_Out_i_L0
0x021D	0x80EB    	SJMP L_LCD_Out22
L_LCD_Out23:
;__Lib_Lcd.c,193 :: 		
0x021F	0x750901  	MOV _cmd_status, #1
;__Lib_Lcd.c,194 :: 		
0x0222	0x22      	RET
; end of _LCD_Out
_Keypad_Init:
;__Lib_Keypad4x4.c,40 :: 		
;__Lib_Keypad4x4.c,41 :: 		
0x0223	0x7580FF  	MOV keypadPort, #255
;__Lib_Keypad4x4.c,42 :: 		
0x0226	0x22      	RET
; end of _Keypad_Init
___CC2D:
;__Lib_System.c,13 :: 		
;__Lib_System.c,15 :: 		
_CC2D_Loop1:
;__Lib_System.c,16 :: 		
0x0227	0xE4      	CLR A
;__Lib_System.c,17 :: 		
0x0228	0x93      	MOVC A, @A+DPTR
;__Lib_System.c,18 :: 		
0x0229	0xF6      	MOV @R0, A
;__Lib_System.c,19 :: 		
0x022A	0x08      	INC R0
;__Lib_System.c,20 :: 		
0x022B	0xA3      	INC DPTR
;__Lib_System.c,21 :: 		
0x022C	0xD9F9    	DJNZ R1, _CC2D_Loop1
;__Lib_System.c,23 :: 		
0x022E	0x22      	RET
; end of ___CC2D
_Lcd_Init:
;__Lib_Lcd.c,76 :: 		
;__Lib_Lcd.c,78 :: 		
0x022F	0xC2A1    	CLR LCD_EN
;__Lib_Lcd.c,80 :: 		
0x0231	0xC2A0    	CLR LCD_RS
;__Lib_Lcd.c,83 :: 		
0x0233	0x112C    	ACALL _Delay_5500us
;__Lib_Lcd.c,84 :: 		
0x0235	0x112C    	ACALL _Delay_5500us
;__Lib_Lcd.c,85 :: 		
0x0237	0x112C    	ACALL _Delay_5500us
;__Lib_Lcd.c,87 :: 		
0x0239	0xC2A5    	CLR LCD_D7
;__Lib_Lcd.c,88 :: 		
0x023B	0xC2A4    	CLR LCD_D6
;__Lib_Lcd.c,89 :: 		
0x023D	0xC2A3    	CLR LCD_D5
;__Lib_Lcd.c,90 :: 		
0x023F	0xC2A2    	CLR LCD_D4
;__Lib_Lcd.c,93 :: 		
0x0241	0xD2A3    	SETB LCD_D5
;__Lib_Lcd.c,94 :: 		
0x0243	0xD2A2    	SETB LCD_D4
;__Lib_Lcd.c,95 :: 		
0x0245	0xD2A1    	SETB LCD_EN
;__Lib_Lcd.c,96 :: 		
0x0247	0x1136    	ACALL _Delay_1us
;__Lib_Lcd.c,97 :: 		
0x0249	0xC2A1    	CLR LCD_EN
;__Lib_Lcd.c,98 :: 		
0x024B	0x112C    	ACALL _Delay_5500us
;__Lib_Lcd.c,100 :: 		
0x024D	0xD2A1    	SETB LCD_EN
;__Lib_Lcd.c,101 :: 		
0x024F	0x1136    	ACALL _Delay_1us
;__Lib_Lcd.c,102 :: 		
0x0251	0xC2A1    	CLR LCD_EN
;__Lib_Lcd.c,103 :: 		
0x0253	0x112C    	ACALL _Delay_5500us
;__Lib_Lcd.c,105 :: 		
0x0255	0xD2A1    	SETB LCD_EN
;__Lib_Lcd.c,106 :: 		
0x0257	0x1136    	ACALL _Delay_1us
;__Lib_Lcd.c,107 :: 		
0x0259	0xC2A1    	CLR LCD_EN
;__Lib_Lcd.c,108 :: 		
0x025B	0x112C    	ACALL _Delay_5500us
;__Lib_Lcd.c,111 :: 		
0x025D	0xD2A3    	SETB LCD_D5
;__Lib_Lcd.c,112 :: 		
0x025F	0xC2A2    	CLR LCD_D4
;__Lib_Lcd.c,113 :: 		
0x0261	0xD2A1    	SETB LCD_EN
;__Lib_Lcd.c,114 :: 		
0x0263	0x1136    	ACALL _Delay_1us
;__Lib_Lcd.c,115 :: 		
0x0265	0xC2A1    	CLR LCD_EN
;__Lib_Lcd.c,116 :: 		
0x0267	0x112C    	ACALL _Delay_5500us
;__Lib_Lcd.c,119 :: 		
0x0269	0xC2A5    	CLR LCD_D7
;__Lib_Lcd.c,120 :: 		
0x026B	0xC2A4    	CLR LCD_D6
;__Lib_Lcd.c,121 :: 		
0x026D	0xC2A3    	CLR LCD_D5
;__Lib_Lcd.c,122 :: 		
0x026F	0xD2A3    	SETB LCD_D5
;__Lib_Lcd.c,123 :: 		
0x0271	0xC2A2    	CLR LCD_D4
;__Lib_Lcd.c,124 :: 		
0x0273	0xD2A1    	SETB LCD_EN
;__Lib_Lcd.c,125 :: 		
0x0275	0x1136    	ACALL _Delay_1us
;__Lib_Lcd.c,126 :: 		
0x0277	0xC2A1    	CLR LCD_EN
;__Lib_Lcd.c,127 :: 		
0x0279	0xC2A3    	CLR LCD_D5
;__Lib_Lcd.c,128 :: 		
0x027B	0xD2A5    	SETB LCD_D7
;__Lib_Lcd.c,129 :: 		
0x027D	0xD2A1    	SETB LCD_EN
;__Lib_Lcd.c,130 :: 		
0x027F	0x1136    	ACALL _Delay_1us
;__Lib_Lcd.c,131 :: 		
0x0281	0xC2A1    	CLR LCD_EN
;__Lib_Lcd.c,132 :: 		
0x0283	0x112C    	ACALL _Delay_5500us
;__Lib_Lcd.c,135 :: 		
0x0285	0xC2A5    	CLR LCD_D7
;__Lib_Lcd.c,136 :: 		
0x0287	0xD2A2    	SETB LCD_D4
;__Lib_Lcd.c,137 :: 		
0x0289	0xD2A1    	SETB LCD_EN
;__Lib_Lcd.c,138 :: 		
0x028B	0x1136    	ACALL _Delay_1us
;__Lib_Lcd.c,139 :: 		
0x028D	0xC2A1    	CLR LCD_EN
;__Lib_Lcd.c,140 :: 		
0x028F	0xC2A2    	CLR LCD_D4
;__Lib_Lcd.c,141 :: 		
0x0291	0xD2A1    	SETB LCD_EN
;__Lib_Lcd.c,142 :: 		
0x0293	0x1136    	ACALL _Delay_1us
;__Lib_Lcd.c,143 :: 		
0x0295	0xC2A1    	CLR LCD_EN
;__Lib_Lcd.c,144 :: 		
0x0297	0x112C    	ACALL _Delay_5500us
;__Lib_Lcd.c,147 :: 		
0x0299	0xC2A2    	CLR LCD_D4
;__Lib_Lcd.c,148 :: 		
0x029B	0xD2A1    	SETB LCD_EN
;__Lib_Lcd.c,149 :: 		
0x029D	0x1136    	ACALL _Delay_1us
;__Lib_Lcd.c,150 :: 		
0x029F	0xC2A1    	CLR LCD_EN
;__Lib_Lcd.c,151 :: 		
0x02A1	0xD2A2    	SETB LCD_D4
;__Lib_Lcd.c,152 :: 		
0x02A3	0xD2A1    	SETB LCD_EN
;__Lib_Lcd.c,153 :: 		
0x02A5	0x1136    	ACALL _Delay_1us
;__Lib_Lcd.c,154 :: 		
0x02A7	0xC2A1    	CLR LCD_EN
;__Lib_Lcd.c,155 :: 		
0x02A9	0x112C    	ACALL _Delay_5500us
;__Lib_Lcd.c,158 :: 		
0x02AB	0xC2A2    	CLR LCD_D4
;__Lib_Lcd.c,159 :: 		
0x02AD	0xD2A1    	SETB LCD_EN
;__Lib_Lcd.c,160 :: 		
0x02AF	0x1136    	ACALL _Delay_1us
;__Lib_Lcd.c,161 :: 		
0x02B1	0xC2A1    	CLR LCD_EN
;__Lib_Lcd.c,163 :: 		
0x02B3	0xD2A5    	SETB LCD_D7
;__Lib_Lcd.c,164 :: 		
0x02B5	0xD2A4    	SETB LCD_D6
;__Lib_Lcd.c,165 :: 		
0x02B7	0xD2A3    	SETB LCD_D5
;__Lib_Lcd.c,166 :: 		
0x02B9	0xD2A2    	SETB LCD_D4
;__Lib_Lcd.c,167 :: 		
0x02BB	0xD2A1    	SETB LCD_EN
;__Lib_Lcd.c,168 :: 		
0x02BD	0x1136    	ACALL _Delay_1us
;__Lib_Lcd.c,169 :: 		
0x02BF	0xC2A1    	CLR LCD_EN
;__Lib_Lcd.c,171 :: 		
0x02C1	0x112C    	ACALL _Delay_5500us
;__Lib_Lcd.c,173 :: 		
0x02C3	0x750901  	MOV _cmd_status, #1
;__Lib_Lcd.c,174 :: 		
0x02C6	0x22      	RET
; end of _Lcd_Init
_Lcd_Chr:
;__Lib_Lcd.c,57 :: 		
;__Lib_Lcd.c,58 :: 		
0x02C7	0x8019    	SJMP L_Lcd_Chr8
;__Lib_Lcd.c,59 :: 		
L_Lcd_Chr10:
0x02C9	0x750F80  	MOV FARG_Lcd_Chr_row, #128
0x02CC	0x802E    	SJMP L_Lcd_Chr9
;__Lib_Lcd.c,60 :: 		
L_Lcd_Chr11:
0x02CE	0x750FC0  	MOV FARG_Lcd_Chr_row, #192
0x02D1	0x8029    	SJMP L_Lcd_Chr9
;__Lib_Lcd.c,61 :: 		
L_Lcd_Chr12:
0x02D3	0x750F94  	MOV FARG_Lcd_Chr_row, #148
0x02D6	0x8024    	SJMP L_Lcd_Chr9
;__Lib_Lcd.c,62 :: 		
L_Lcd_Chr13:
0x02D8	0x750FD4  	MOV FARG_Lcd_Chr_row, #212
0x02DB	0x801F    	SJMP L_Lcd_Chr9
;__Lib_Lcd.c,63 :: 		
L_Lcd_Chr14:
0x02DD	0x750F80  	MOV FARG_Lcd_Chr_row, #128
;__Lib_Lcd.c,64 :: 		
0x02E0	0x801A    	SJMP L_Lcd_Chr9
L_Lcd_Chr8:
0x02E2	0xE50F    	MOV A, FARG_Lcd_Chr_row
0x02E4	0x6401    	XRL A, #1
0x02E6	0x60E1    	JZ L_Lcd_Chr10
0x02E8	0xE50F    	MOV A, FARG_Lcd_Chr_row
0x02EA	0x6402    	XRL A, #2
0x02EC	0x60E0    	JZ L_Lcd_Chr11
0x02EE	0xE50F    	MOV A, FARG_Lcd_Chr_row
0x02F0	0x6403    	XRL A, #3
0x02F2	0x60DF    	JZ L_Lcd_Chr12
0x02F4	0xE50F    	MOV A, FARG_Lcd_Chr_row
0x02F6	0x6404    	XRL A, #4
0x02F8	0x60DE    	JZ L_Lcd_Chr13
0x02FA	0x80E1    	SJMP L_Lcd_Chr14
L_Lcd_Chr9:
;__Lib_Lcd.c,66 :: 		
0x02FC	0xC3      	CLR C
0x02FD	0xE510    	MOV A, FARG_Lcd_Chr_column
0x02FF	0x9401    	SUBB A, #1
0x0301	0xF8      	MOV R0, A
0x0302	0xE50F    	MOV A, FARG_Lcd_Chr_row
0x0304	0x28      	ADD A, R0
0x0305	0xF8      	MOV R0, A
0x0306	0x85000F  	MOV FARG_Lcd_Chr_row, 0
;__Lib_Lcd.c,68 :: 		
0x0309	0x750901  	MOV _cmd_status, #1
;__Lib_Lcd.c,69 :: 		
0x030C	0x850018  	MOV FARG_Lcd_Cmd_out_char, 0
0x030F	0x1138    	ACALL _Lcd_Cmd
;__Lib_Lcd.c,71 :: 		
0x0311	0x750900  	MOV _cmd_status, #0
;__Lib_Lcd.c,72 :: 		
0x0314	0x851118  	MOV FARG_Lcd_Cmd_out_char, FARG_Lcd_Chr_out_char+0
0x0317	0x1138    	ACALL _Lcd_Cmd
;__Lib_Lcd.c,73 :: 		
0x0319	0x750901  	MOV _cmd_status, #1
;__Lib_Lcd.c,74 :: 		
0x031C	0x22      	RET
; end of _Lcd_Chr
_decToHex:
;BTH2_2.c,25 :: 		char decToHex(unsigned short dec)//chuyen doi mot so thap phan thanh ki tu thap luc phan
;BTH2_2.c,27 :: 		if (dec >= 0 && dec <= 9) {
0x031D	0xC3      	CLR C
0x031E	0xE50F    	MOV A, FARG_decToHex_dec
0x0320	0x9400    	SUBB A, #0
0x0322	0x400D    	JC L_decToHex9
0x0324	0xD3      	SETB C
0x0325	0xE50F    	MOV A, FARG_decToHex_dec
0x0327	0x9409    	SUBB A, #9
0x0329	0x5006    	JNC L_decToHex9
L__decToHex49:
;BTH2_2.c,28 :: 		return dec + '0';   //vi du 5+48
0x032B	0xE50F    	MOV A, FARG_decToHex_dec
0x032D	0x2430    	ADD A, #48
0x032F	0xF8      	MOV R0, A
0x0330	0x22      	RET
;BTH2_2.c,29 :: 		} else if (dec >= 10 && dec <= 15) {
L_decToHex9:
0x0331	0xC3      	CLR C
0x0332	0xE50F    	MOV A, FARG_decToHex_dec
0x0334	0x940A    	SUBB A, #10
0x0336	0x4013    	JC L_decToHex13
0x0338	0xD3      	SETB C
0x0339	0xE50F    	MOV A, FARG_decToHex_dec
0x033B	0x940F    	SUBB A, #15
0x033D	0x500C    	JNC L_decToHex13
L__decToHex48:
;BTH2_2.c,30 :: 		return dec - 10 + 'A';
0x033F	0xC3      	CLR C
0x0340	0xE50F    	MOV A, FARG_decToHex_dec
0x0342	0x940A    	SUBB A, #10
0x0344	0xF9      	MOV R1, A
0x0345	0x7841    	MOV R0, #65
0x0347	0xE9      	MOV A, R1
0x0348	0x28      	ADD A, R0
0x0349	0xF8      	MOV R0, A
0x034A	0x22      	RET
;BTH2_2.c,31 :: 		}
L_decToHex13:
;BTH2_2.c,32 :: 		return '0';
0x034B	0x7830    	MOV R0, #48
;BTH2_2.c,33 :: 		}
0x034D	0x22      	RET
; end of _decToHex
_Keypad_Key_Click:
;__Lib_Keypad4x4.c,81 :: 		
;__Lib_Keypad4x4.c,85 :: 		
0x034E	0x3125    	ACALL _Keypad_Key_Press
0x0350	0x85000F  	MOV Keypad_Key_Click_rslt_L0, 0
;__Lib_Keypad4x4.c,87 :: 		
L_Keypad_Key_Click5:
0x0353	0xE580    	MOV A, keypadPort
0x0355	0x540F    	ANL A, #15
0x0357	0xF9      	MOV R1, A
0x0358	0x640F    	XRL A, #15
0x035A	0x6004    	JZ L_Keypad_Key_Click6
;__Lib_Keypad4x4.c,88 :: 		
0x035C	0x3113    	ACALL _Delay_10us
0x035E	0x80F3    	SJMP L_Keypad_Key_Click5
L_Keypad_Key_Click6:
;__Lib_Keypad4x4.c,90 :: 		
0x0360	0xA80F    	MOV R0, Keypad_Key_Click_rslt_L0
;__Lib_Keypad4x4.c,91 :: 		
0x0362	0x22      	RET
; end of _Keypad_Key_Click
_main:
0x0363	0x75814B  	MOV SP, #75
0x0366	0x120581  	LCALL 1409
;BTH2_2.c,34 :: 		void main() {
;BTH2_2.c,35 :: 		unsigned short firstNumber = 0, secondNumber = 0, sum, product; // khai bao bien firstnumber va secondnumber va gan chung bang 0 luu gia tri cua 2 so
0x0369	0x750A00  	MOV main_firstNumber_L0, #0
0x036C	0x750B00  	MOV main_secondNumber_L0, #0
0x036F	0x750C00  	MOV main_inputCount_L0, #0
;BTH2_2.c,37 :: 		unsigned short inputCount = 0;      //khai bao bien inputcount va gan gia tri bang 0 bien luu so lan nguoi dung nhap gia tri
;BTH2_2.c,38 :: 		Keypad_Init(); // Khoi tao ban phim
0x0372	0x5123    	ACALL _Keypad_Init
;BTH2_2.c,39 :: 		Lcd_Init(); // khoi tao man hinh lcd
0x0374	0x512F    	ACALL _Lcd_Init
;BTH2_2.c,40 :: 		Lcd_Cmd(_LCD_CLEAR); // xoa man hinh lcd
0x0376	0x751801  	MOV FARG_Lcd_Cmd_out_char, #1
0x0379	0x1138    	ACALL _Lcd_Cmd
;BTH2_2.c,41 :: 		Lcd_Cmd(_LCD_CURSOR_OFF); // tat con tro tren man hinh
0x037B	0x75180C  	MOV FARG_Lcd_Cmd_out_char, #12
0x037E	0x1138    	ACALL _Lcd_Cmd
;BTH2_2.c,42 :: 		Lcd_Out(1, 1, "So1: "); // hien thi so1 len hang 1, cot 1
0x0380	0x750F01  	MOV FARG_LCD_Out_row, #1
0x0383	0x751001  	MOV FARG_LCD_Out_column, #1
0x0386	0x751145  	MOV FARG_LCD_Out_text, lo_addr(?lstr1_BTH2_2)
0x0389	0x31BD    	ACALL _LCD_Out
;BTH2_2.c,43 :: 		Lcd_Out(2, 1, "So2: "); // hien thi so 2 len hang 2, cot 1
0x038B	0x750F02  	MOV FARG_LCD_Out_row, #2
0x038E	0x751001  	MOV FARG_LCD_Out_column, #1
0x0391	0x75113F  	MOV FARG_LCD_Out_text, lo_addr(?lstr2_BTH2_2)
0x0394	0x31BD    	ACALL _LCD_Out
;BTH2_2.c,44 :: 		do {
L_main14:
;BTH2_2.c,45 :: 		kp = 0; // gan bien kp =0
0x0396	0x750800  	MOV _kp, #0
;BTH2_2.c,46 :: 		do
L_main17:
;BTH2_2.c,47 :: 		kp = Keypad_Key_Click(); // doi khi co phim bam
0x0399	0x714E    	ACALL _Keypad_Key_Click
0x039B	0x850008  	MOV _kp, 0
;BTH2_2.c,48 :: 		while (!kp);
0x039E	0xE8      	MOV A, R0
0x039F	0x60F8    	JZ L_main17
;BTH2_2.c,49 :: 		switch (kp) {
0x03A1	0x8050    	SJMP L_main20
;BTH2_2.c,50 :: 		case 1:
L_main22:
;BTH2_2.c,51 :: 		kp = '1';
0x03A3	0x750831  	MOV _kp, #49
;BTH2_2.c,52 :: 		break; // 1
0x03A6	0x8161    	AJMP L_main21
;BTH2_2.c,53 :: 		case 2:
L_main23:
;BTH2_2.c,54 :: 		kp = '2';
0x03A8	0x750832  	MOV _kp, #50
;BTH2_2.c,55 :: 		break; // 2
0x03AB	0x8161    	AJMP L_main21
;BTH2_2.c,56 :: 		case 3:
L_main24:
;BTH2_2.c,57 :: 		kp = '3';
0x03AD	0x750833  	MOV _kp, #51
;BTH2_2.c,58 :: 		break; // 3
0x03B0	0x8161    	AJMP L_main21
;BTH2_2.c,59 :: 		case 4:
L_main25:
;BTH2_2.c,60 :: 		kp = 'A';
0x03B2	0x750841  	MOV _kp, #65
;BTH2_2.c,61 :: 		break; // A
0x03B5	0x8161    	AJMP L_main21
;BTH2_2.c,62 :: 		case 5:
L_main26:
;BTH2_2.c,63 :: 		kp = '4';
0x03B7	0x750834  	MOV _kp, #52
;BTH2_2.c,64 :: 		break; // 4
0x03BA	0x8161    	AJMP L_main21
;BTH2_2.c,65 :: 		case 6:
L_main27:
;BTH2_2.c,66 :: 		kp = '5';
0x03BC	0x750835  	MOV _kp, #53
;BTH2_2.c,67 :: 		break; // 5
0x03BF	0x8161    	AJMP L_main21
;BTH2_2.c,68 :: 		case 7:
L_main28:
;BTH2_2.c,69 :: 		kp = '6';
0x03C1	0x750836  	MOV _kp, #54
;BTH2_2.c,70 :: 		break; // 6
0x03C4	0x8161    	AJMP L_main21
;BTH2_2.c,71 :: 		case 8:
L_main29:
;BTH2_2.c,72 :: 		kp = 'B';
0x03C6	0x750842  	MOV _kp, #66
;BTH2_2.c,73 :: 		break; // B
0x03C9	0x8161    	AJMP L_main21
;BTH2_2.c,74 :: 		case 9:
L_main30:
;BTH2_2.c,75 :: 		kp = '7';
0x03CB	0x750837  	MOV _kp, #55
;BTH2_2.c,76 :: 		break; // 7
0x03CE	0x8161    	AJMP L_main21
;BTH2_2.c,77 :: 		case 10:
L_main31:
;BTH2_2.c,78 :: 		kp = '8';
0x03D0	0x750838  	MOV _kp, #56
;BTH2_2.c,79 :: 		break; // 8
0x03D3	0x8161    	AJMP L_main21
;BTH2_2.c,80 :: 		case 11:
L_main32:
;BTH2_2.c,81 :: 		kp = '9';
0x03D5	0x750839  	MOV _kp, #57
;BTH2_2.c,82 :: 		break; // 9
0x03D8	0x8161    	AJMP L_main21
;BTH2_2.c,83 :: 		case 12:
L_main33:
;BTH2_2.c,84 :: 		kp = 'C';
0x03DA	0x750843  	MOV _kp, #67
;BTH2_2.c,85 :: 		break; // C
0x03DD	0x8161    	AJMP L_main21
;BTH2_2.c,86 :: 		case 13:
L_main34:
;BTH2_2.c,87 :: 		kp = '*';
0x03DF	0x75082A  	MOV _kp, #42
;BTH2_2.c,88 :: 		break; // *
0x03E2	0x8161    	AJMP L_main21
;BTH2_2.c,89 :: 		case 14:
L_main35:
;BTH2_2.c,90 :: 		kp = '0';
0x03E4	0x750830  	MOV _kp, #48
;BTH2_2.c,91 :: 		break; // 0
0x03E7	0x8161    	AJMP L_main21
;BTH2_2.c,92 :: 		case 15:
L_main36:
;BTH2_2.c,93 :: 		kp = '#';
0x03E9	0x750823  	MOV _kp, #35
;BTH2_2.c,94 :: 		break; // #
0x03EC	0x8161    	AJMP L_main21
;BTH2_2.c,95 :: 		case 16:
L_main37:
;BTH2_2.c,96 :: 		kp = 'D';
0x03EE	0x750844  	MOV _kp, #68
;BTH2_2.c,97 :: 		break; // D
0x03F1	0x8161    	AJMP L_main21
;BTH2_2.c,98 :: 		}
L_main20:
0x03F3	0xE508    	MOV A, _kp
0x03F5	0x6401    	XRL A, #1
0x03F7	0x60AA    	JZ L_main22
0x03F9	0xE508    	MOV A, _kp
0x03FB	0x6402    	XRL A, #2
0x03FD	0x60A9    	JZ L_main23
0x03FF	0xE508    	MOV A, _kp
0x0401	0x6403    	XRL A, #3
0x0403	0x60A8    	JZ L_main24
0x0405	0xE508    	MOV A, _kp
0x0407	0x6404    	XRL A, #4
0x0409	0x60A7    	JZ L_main25
0x040B	0xE508    	MOV A, _kp
0x040D	0x6405    	XRL A, #5
0x040F	0x60A6    	JZ L_main26
0x0411	0xE508    	MOV A, _kp
0x0413	0x6406    	XRL A, #6
0x0415	0x60A5    	JZ L_main27
0x0417	0xE508    	MOV A, _kp
0x0419	0x6407    	XRL A, #7
0x041B	0x60A4    	JZ L_main28
0x041D	0xE508    	MOV A, _kp
0x041F	0x6408    	XRL A, #8
0x0421	0x60A3    	JZ L_main29
0x0423	0xE508    	MOV A, _kp
0x0425	0x6409    	XRL A, #9
0x0427	0x60A2    	JZ L_main30
0x0429	0xE508    	MOV A, _kp
0x042B	0x640A    	XRL A, #10
0x042D	0x7002    	JNZ #2
0x042F	0x61D0    	AJMP L_main31
0x0431	0xE508    	MOV A, _kp
0x0433	0x640B    	XRL A, #11
0x0435	0x7002    	JNZ #2
0x0437	0x61D5    	AJMP L_main32
0x0439	0xE508    	MOV A, _kp
0x043B	0x640C    	XRL A, #12
0x043D	0x7002    	JNZ #2
0x043F	0x61DA    	AJMP L_main33
0x0441	0xE508    	MOV A, _kp
0x0443	0x640D    	XRL A, #13
0x0445	0x7002    	JNZ #2
0x0447	0x61DF    	AJMP L_main34
0x0449	0xE508    	MOV A, _kp
0x044B	0x640E    	XRL A, #14
0x044D	0x7002    	JNZ #2
0x044F	0x61E4    	AJMP L_main35
0x0451	0xE508    	MOV A, _kp
0x0453	0x640F    	XRL A, #15
0x0455	0x7002    	JNZ #2
0x0457	0x61E9    	AJMP L_main36
0x0459	0xE508    	MOV A, _kp
0x045B	0x6410    	XRL A, #16
0x045D	0x7002    	JNZ #2
0x045F	0x61EE    	AJMP L_main37
L_main21:
;BTH2_2.c,99 :: 		if (kp == '#') {
0x0461	0xE508    	MOV A, _kp
0x0463	0x6423    	XRL A, #35
0x0465	0x701A    	JNZ L_main38
;BTH2_2.c,100 :: 		inputCount++;
0x0467	0x050C    	INC main_inputCount_L0
;BTH2_2.c,101 :: 		cot = inputCount == 1 ? cot + 1 : cot;  // khi input count ==1 chuyen con tro nhap so thu 2
0x0469	0xE50C    	MOV A, main_inputCount_L0
0x046B	0x6401    	XRL A, #1
0x046D	0x7009    	JNZ L_main39
0x046F	0xE53E    	MOV A, _cot
0x0471	0x2401    	ADD A, #1
0x0473	0xF8      	MOV R0, A
0x0474	0xE4      	CLR A
0x0475	0xF9      	MOV R1, A
0x0476	0x8004    	SJMP L_main40
L_main39:
0x0478	0xA83E    	MOV R0, _cot
0x047A	0xE4      	CLR A
0x047B	0xF9      	MOV R1, A
L_main40:
0x047C	0x85003E  	MOV _cot, 0
;BTH2_2.c,102 :: 		} else if (inputCount == 0) {  //nguoi dùng dang nhaap so dau tiên.
0x047F	0x8054    	SJMP L_main41
L_main38:
0x0481	0xE50C    	MOV A, main_inputCount_L0
0x0483	0x7026    	JNZ L_main42
;BTH2_2.c,103 :: 		firstNumber *=16;   //firstNumber = 0 * 16 => firstNumber = 0
0x0485	0x7804    	MOV R0, #4
0x0487	0xE50A    	MOV A, main_firstNumber_L0
0x0489	0x08      	INC R0
0x048A	0x8002    	SJMP L__main50
L__main51:
0x048C	0xC3      	CLR C
0x048D	0x33      	RLC A
L__main50:
0x048E	0xD8FC    	DJNZ R0, L__main51
0x0490	0xF50A    	MOV main_firstNumber_L0, A
;BTH2_2.c,104 :: 		firstNumber += hexToDec(kp);      //FirstNumber = 0 + 10 (giá tri cua 'A' trong he thap luc phân 10 ) => firstNumber = 10
0x0492	0x85080F  	MOV FARG_hexToDec_hex, _kp+0
0x0495	0x318B    	ACALL _hexToDec
0x0497	0xE50A    	MOV A, main_firstNumber_L0
0x0499	0x28      	ADD A, R0
0x049A	0xF50A    	MOV main_firstNumber_L0, A
;BTH2_2.c,105 :: 		Lcd_Chr(1, cot++, kp);    //Hien thi 'A' lên LCD  dòng 1 và cot cot
0x049C	0x750F01  	MOV FARG_Lcd_Chr_row, #1
0x049F	0x853E10  	MOV FARG_Lcd_Chr_column, _cot+0
0x04A2	0x850811  	MOV FARG_Lcd_Chr_out_char, _kp+0
0x04A5	0x51C7    	ACALL _Lcd_Chr
0x04A7	0x053E    	INC _cot
;BTH2_2.c,106 :: 		} else if (inputCount ==1) {
0x04A9	0x802A    	SJMP L_main43
L_main42:
0x04AB	0xE50C    	MOV A, main_inputCount_L0
0x04AD	0x6401    	XRL A, #1
0x04AF	0x7024    	JNZ L_main44
;BTH2_2.c,107 :: 		secondNumber *=16;
0x04B1	0x7804    	MOV R0, #4
0x04B3	0xE50B    	MOV A, main_secondNumber_L0
0x04B5	0x08      	INC R0
0x04B6	0x8002    	SJMP L__main52
L__main53:
0x04B8	0xC3      	CLR C
0x04B9	0x33      	RLC A
L__main52:
0x04BA	0xD8FC    	DJNZ R0, L__main53
0x04BC	0xF50B    	MOV main_secondNumber_L0, A
;BTH2_2.c,108 :: 		secondNumber += hexToDec(kp);
0x04BE	0x85080F  	MOV FARG_hexToDec_hex, _kp+0
0x04C1	0x318B    	ACALL _hexToDec
0x04C3	0xE50B    	MOV A, main_secondNumber_L0
0x04C5	0x28      	ADD A, R0
0x04C6	0xF50B    	MOV main_secondNumber_L0, A
;BTH2_2.c,109 :: 		Lcd_Chr(2, cot++, kp);
0x04C8	0x750F02  	MOV FARG_Lcd_Chr_row, #2
0x04CB	0x853E10  	MOV FARG_Lcd_Chr_column, _cot+0
0x04CE	0x850811  	MOV FARG_Lcd_Chr_out_char, _kp+0
0x04D1	0x51C7    	ACALL _Lcd_Chr
0x04D3	0x053E    	INC _cot
;BTH2_2.c,110 :: 		}
L_main44:
L_main43:
L_main41:
;BTH2_2.c,111 :: 		if (inputCount ==2) // Khi nguoi dung da nhap xong 2 so
0x04D5	0xE50C    	MOV A, main_inputCount_L0
0x04D7	0x6402    	XRL A, #2
0x04D9	0x6002    	JZ #2
0x04DB	0xA162    	AJMP L_main45
;BTH2_2.c,113 :: 		sum = firstNumber + secondNumber;
0x04DD	0xE50A    	MOV A, main_firstNumber_L0
0x04DF	0x250B    	ADD A, main_secondNumber_L0
0x04E1	0xF50D    	MOV main_sum_L0, A
;BTH2_2.c,114 :: 		product = firstNumber * secondNumber;
0x04E3	0x850BF0  	MOV B, main_secondNumber_L0+0
0x04E6	0xE50A    	MOV A, main_firstNumber_L0
0x04E8	0xA4      	MUL AB
0x04E9	0xF8      	MOV R0, A
0x04EA	0x85000E  	MOV main_product_L0, 0
;BTH2_2.c,115 :: 		Lcd_Cmd(_LCD_CLEAR);  //xoa man hinh
0x04ED	0x751801  	MOV FARG_Lcd_Cmd_out_char, #1
0x04F0	0x1138    	ACALL _Lcd_Cmd
;BTH2_2.c,116 :: 		Lcd_Out(1,1,"tong: ");// in ra tong hang 1,cot 1
0x04F2	0x750F01  	MOV FARG_LCD_Out_row, #1
0x04F5	0x751001  	MOV FARG_LCD_Out_column, #1
0x04F8	0x751137  	MOV FARG_LCD_Out_text, lo_addr(?lstr3_BTH2_2)
0x04FB	0x31BD    	ACALL _LCD_Out
;BTH2_2.c,117 :: 		Lcd_Chr(1,6,decToHex(sum/16));   // chia lay nguyen hien thi cot 6
0x04FD	0x7804    	MOV R0, #4
0x04FF	0xE50D    	MOV A, main_sum_L0
0x0501	0x08      	INC R0
0x0502	0x8002    	SJMP L__main54
L__main55:
0x0504	0xC3      	CLR C
0x0505	0x13      	RRC A
L__main54:
0x0506	0xD8FC    	DJNZ R0, L__main55
0x0508	0xF50F    	MOV FARG_decToHex_dec, A
0x050A	0x711D    	ACALL _decToHex
0x050C	0x850011  	MOV FARG_Lcd_Chr_out_char, 0
0x050F	0x750F01  	MOV FARG_Lcd_Chr_row, #1
0x0512	0x751006  	MOV FARG_Lcd_Chr_column, #6
0x0515	0x51C7    	ACALL _Lcd_Chr
;BTH2_2.c,118 :: 		Lcd_Chr(1,7,decToHex(sum%16));  // chia lay du hien thi cot 7
0x0517	0xE50D    	MOV A, main_sum_L0
0x0519	0x540F    	ANL A, #15
0x051B	0xF50F    	MOV FARG_decToHex_dec, A
0x051D	0x711D    	ACALL _decToHex
0x051F	0x850011  	MOV FARG_Lcd_Chr_out_char, 0
0x0522	0x750F01  	MOV FARG_Lcd_Chr_row, #1
0x0525	0x751007  	MOV FARG_Lcd_Chr_column, #7
0x0528	0x51C7    	ACALL _Lcd_Chr
;BTH2_2.c,119 :: 		Lcd_Out(2,1,"tich: ");  //in ra tich o hang 2 , cot 1
0x052A	0x750F02  	MOV FARG_LCD_Out_row, #2
0x052D	0x751001  	MOV FARG_LCD_Out_column, #1
0x0530	0x751130  	MOV FARG_LCD_Out_text, lo_addr(?lstr4_BTH2_2)
0x0533	0x31BD    	ACALL _LCD_Out
;BTH2_2.c,120 :: 		Lcd_Chr(2,11,decToHex(product/16));// chia lay nguyen hien hi cot 11
0x0535	0x7804    	MOV R0, #4
0x0537	0xE50E    	MOV A, main_product_L0
0x0539	0x08      	INC R0
0x053A	0x8002    	SJMP L__main56
L__main57:
0x053C	0xC3      	CLR C
0x053D	0x13      	RRC A
L__main56:
0x053E	0xD8FC    	DJNZ R0, L__main57
0x0540	0xF50F    	MOV FARG_decToHex_dec, A
0x0542	0x711D    	ACALL _decToHex
0x0544	0x850011  	MOV FARG_Lcd_Chr_out_char, 0
0x0547	0x750F02  	MOV FARG_Lcd_Chr_row, #2
0x054A	0x75100B  	MOV FARG_Lcd_Chr_column, #11
0x054D	0x51C7    	ACALL _Lcd_Chr
;BTH2_2.c,121 :: 		Lcd_Chr(2,12,decToHex(product%16)); // chia lay du hien thi cot 12
0x054F	0xE50E    	MOV A, main_product_L0
0x0551	0x540F    	ANL A, #15
0x0553	0xF50F    	MOV FARG_decToHex_dec, A
0x0555	0x711D    	ACALL _decToHex
0x0557	0x850011  	MOV FARG_Lcd_Chr_out_char, 0
0x055A	0x750F02  	MOV FARG_Lcd_Chr_row, #2
0x055D	0x75100C  	MOV FARG_Lcd_Chr_column, #12
0x0560	0x51C7    	ACALL _Lcd_Chr
;BTH2_2.c,122 :: 		}
L_main45:
;BTH2_2.c,123 :: 		} while (1);     // vong lap vo han de cho chuong trinh chay
0x0562	0x6196    	AJMP L_main14
;BTH2_2.c,124 :: 		}
0x0564	0x80FE    	SJMP #254
; end of _main
0x0581	0x7830    	MOV R0, 48
0x0583	0x791B    	MOV R1, 27
0x0585	0x758266  	MOV DP0L, 102
0x0588	0x758305  	MOV DP0H, 5
0x058B	0x120227  	LCALL 551
0x058E	0x22      	RET
;BTH2_2.c,0 :: ?ICS?lstr4_BTH2_2
0x0566	0x746963 ;?ICS?lstr4_BTH2_2+0
0x0569	0x683A20 ;?ICS?lstr4_BTH2_2+3
0x056C	0x00 ;?ICS?lstr4_BTH2_2+6
; end of ?ICS?lstr4_BTH2_2
;BTH2_2.c,0 :: ?ICS?lstr3_BTH2_2
0x056D	0x746F6E ;?ICS?lstr3_BTH2_2+0
0x0570	0x673A20 ;?ICS?lstr3_BTH2_2+3
0x0573	0x00 ;?ICS?lstr3_BTH2_2+6
; end of ?ICS?lstr3_BTH2_2
;BTH2_2.c,0 :: ?ICS_cot
0x0574	0x05 ;?ICS_cot+0
; end of ?ICS_cot
;BTH2_2.c,0 :: ?ICS?lstr2_BTH2_2
0x0575	0x536F32 ;?ICS?lstr2_BTH2_2+0
0x0578	0x3A2000 ;?ICS?lstr2_BTH2_2+3
; end of ?ICS?lstr2_BTH2_2
;BTH2_2.c,0 :: ?ICS?lstr1_BTH2_2
0x057B	0x536F31 ;?ICS?lstr1_BTH2_2+0
0x057E	0x3A2000 ;?ICS?lstr1_BTH2_2+3
; end of ?ICS?lstr1_BTH2_2
Symbol List:
//** Routines locations **
//ADDRESS    SIZE    PROCEDURE
//----------------------------------------------
0x0026       [6]    _Delay_50us
0x002C      [10]    _Delay_5500us
0x0036       [2]    _Delay_1us
0x0038     [219]    _Lcd_Cmd
0x0113       [6]    _Delay_10us
0x0119      [12]    _Lcd_Chr_CP
0x0125     [102]    _Keypad_Key_Press
0x018B      [50]    _hexToDec
0x01BD     [102]    _LCD_Out
0x0223       [4]    _Keypad_Init
0x0227       [8]    ___CC2D
0x022F     [152]    _Lcd_Init
0x02C7      [86]    _Lcd_Chr
0x031D      [49]    _decToHex
0x034E      [21]    _Keypad_Key_Click
0x0363     [515]    _main
//** Variables locations ** 
//ADDRESS    SIZE    VARIABLE
//----------------------------------------------
0x0000       [1]    R0
0x0001       [1]    R1
0x0002       [1]    R2
0x0003       [1]    R3
0x0004       [1]    R4
0x0005       [1]    R5
0x0006       [1]    R6
0x0007       [1]    R7
0x0008       [1]    _kp
0x0009       [1]    _cmd_status
0x000A       [1]    main_firstNumber_L0
0x000B       [1]    main_secondNumber_L0
0x000C       [1]    main_inputCount_L0
0x000D       [1]    main_sum_L0
0x000E       [1]    main_product_L0
0x000F       [1]    FARG_decToHex_dec
0x000F       [1]    Keypad_Key_Click_rslt_L0
0x000F       [1]    FARG_hexToDec_hex
0x000F       [1]    FARG_LCD_Out_row
0x000F       [1]    FARG_Lcd_Chr_row
0x0010       [1]    FARG_LCD_Out_column
0x0010       [1]    FARG_Lcd_Chr_column
0x0011       [1]    FARG_LCD_Out_text
0x0011       [1]    FARG_Lcd_Chr_out_char
0x0012       [1]    LCD_Out_i_L0
0x0013       [1]    Keypad_Key_Press_rslt_L0
0x0013       [1]    FARG_Lcd_Chr_CP_out_char
0x0014       [1]    Keypad_Key_Press_kdata_L0
0x0015       [1]    Keypad_Key_Press_loc_L0
0x0016       [1]    Keypad_Key_Press_rowcnt_L0
0x0017       [1]    Keypad_Key_Press_shifter_L0
0x0018       [1]    FARG_Lcd_Cmd_out_char
0x0030       [7]    ?lstr4_BTH2_2
0x0037       [7]    ?lstr3_BTH2_2
0x003E       [1]    _cot
0x003F       [6]    ?lstr2_BTH2_2
0x0045       [6]    ?lstr1_BTH2_2
0x0080       [1]    keypadPort
0x0080       [1]    P0
0x0081       [1]    SP
0x0082       [1]    DPL
0x0083       [1]    DPH
0x00A0       [0]    P2_3_bit
0x00A0       [0]    P2_4_bit
0x00A0       [0]    P2_5_bit
0x00A0       [0]    P2_2_bit
0x00A0       [0]    P2_0_bit
0x00A0       [0]    P2_1_bit
0x00A0       [0]    LCD_D5
0x00A0       [0]    LCD_D6
0x00A0       [0]    LCD_D7
0x00A0       [0]    LCD_D4
0x00A0       [0]    LCD_RS
0x00A0       [0]    LCD_EN
0x00D0       [1]    PSW
0x00E0       [1]    ACC
0x00F0       [1]    B
//** Constants locations ** 
//ADDRESS    SIZE    CONSTANT
//----------------------------------------------
0x0566       [7]    ?ICS?lstr4_BTH2_2
0x056D       [7]    ?ICS?lstr3_BTH2_2
0x0574       [1]    ?ICS_cot
0x0575       [6]    ?ICS?lstr2_BTH2_2
0x057B       [6]    ?ICS?lstr1_BTH2_2
//** Label List: ** 
//----------------------------------------------
  L_hexToDec0
  L_hexToDec1
  L_hexToDec2
  L_hexToDec3
  L_hexToDec4
  L_hexToDec5
  L_hexToDec6
  L_decToHex7
  L_decToHex8
  L_decToHex9
  L_decToHex10
  L_decToHex11
  L_decToHex12
  L_decToHex13
  L_main14
  L_main15
  L_main16
  L_main17
  L_main18
  L_main19
  L_main20
  L_main21
  L_main22
  L_main23
  L_main24
  L_main25
  L_main26
  L_main27
  L_main28
  L_main29
  L_main30
  L_main31
  L_main32
  L_main33
  L_main34
  L_main35
  L_main36
  L_main37
  L_main38
  L_main39
  L_main40
  L_main41
  L_main42
  L_main43
  L_main44
  L_main45
  L__hexToDec46
  L__hexToDec47
  L__decToHex48
  L__decToHex49
  _hexToDec
  _decToHex
  _main
  L__main50
  L__main51
  L__main52
  L__main53
  L__main54
  L__main55
  L__main56
  L__main57
  L_Delay_Cyc0
  L_Delay_Cyc1
  L_VDelay_ms2
  L_VDelay_ms3
  L_VDelay_ms4
  L_VDelay_ms5
  _Get_Fosc_kHz
  _Delay_1us
  _Delay_10us
  _Delay_22us
  _Delay_50us
  _Delay_80us
  _Delay_500us
  _Delay_5500us
  _Delay_8ms
  _Delay_10ms
  _Delay_100ms
  _Delay_1sec
  _Delay_Cyc
  _VDelay_ms
  L_Keypad_Key_Press0
  L_Keypad_Key_Press1
  L_Keypad_Key_Press2
  L_Keypad_Key_Press3
  L_Keypad_Key_Press4
  L_Keypad_Key_Click5
  L_Keypad_Key_Click6
  _Keypad_Init
  _Keypad_Key_Press
  L__Keypad_Key_Press7
  L__Keypad_Key_Press8
  L__Keypad_Key_Press9
  L__Keypad_Key_Press10
  _Keypad_Key_Click
  L_Lcd_Cmd0
  L_Lcd_Cmd1
  L_Lcd_Cmd2
  L_Lcd_Cmd3
  L_Lcd_Cmd4
  L_Lcd_Cmd5
  L_LCD_Out_CP6
  L_LCD_Out_CP7
  L_Lcd_Chr8
  L_Lcd_Chr9
  L_Lcd_Chr10
  L_Lcd_Chr11
  L_Lcd_Chr12
  L_Lcd_Chr13
  L_Lcd_Chr14
  L_LCD_Out15
  L_LCD_Out16
  L_LCD_Out17
  L_LCD_Out18
  L_LCD_Out19
  L_LCD_Out20
  L_LCD_Out21
  L_LCD_Out22
  L_LCD_Out23
  _Lcd_Cmd
  L__Lcd_Cmd24
  L__Lcd_Cmd25
  L__Lcd_Cmd26
  L__Lcd_Cmd27
  L__Lcd_Cmd28
  L__Lcd_Cmd29
  L__Lcd_Cmd30
  L__Lcd_Cmd31
  L__Lcd_Cmd32
  L__Lcd_Cmd33
  L__Lcd_Cmd34
  L__Lcd_Cmd35
  L__Lcd_Cmd36
  L__Lcd_Cmd37
  L__Lcd_Cmd38
  L__Lcd_Cmd39
  _Lcd_Chr_CP
  _LCD_Out_CP
  _Lcd_Chr
  _Lcd_Init
  _LCD_Out
  _CC2D_Loop1
  _CC2PD_Loop1
  _CC2XD_Loop1
  ___DoIFC
  ___CC2D
  ___CC2PD
  ___CC2XD
