C51 COMPILER V9.60.7.0   BTH6_1                                                            12/17/2024 21:35:06 PAGE 1   


C51 COMPILER V9.60.7.0, COMPILATION OF MODULE BTH6_1
OBJECT MODULE PLACED IN .\Objects\BTH6_1.obj
COMPILER INVOKED BY: C:\Keil_v5\C51\BIN\C51.EXE BTH6_1.c OPTIMIZE(8,SPEED) BROWSE DEBUG OBJECTEXTEND PRINT(.\Listings\BT
                    -H6_1.lst) TABS(2) OBJECT(.\Objects\BTH6_1.obj)

line level    source

   1          #include <REGX51.H>
   2          #define dendo P0_0
   3          #define denvang P0_1
   4          #define denxanh P0_2
   5          #define LED1 P2_0
   6          #define LED2 P2_1
   7          #define LED P3
   8          
   9          char code so[]={0x40,0x79,0x24,0x30,0x19,0x12,0x02,0x78,0x00,0x10};
  10          int b,dem,chuc,dv,i;
  11          
  12          void delay_ms()
  13          {
  14   1        TMOD = 0x01;
  15   1        TH0 = 0xfc;
  16   1        TL0 = 0x18;
  17   1        TR0 = 1;
  18   1        while (!TF0);
  19   1        TF0 = 0;
  20   1        TR0 = 0;
  21   1      }
  22          void hienthi()
  23          {
  24   1        chuc = dem/10;
  25   1        dv = dem%10;
  26   1      }
  27          void led()
  28          {
  29   1        LED = so[chuc];
  30   1        LED1=1;
  31   1        delay_ms();
  32   1        LED1=0;
  33   1        LED=so[dv];
  34   1        LED2=1;
  35   1        delay_ms();
  36   1        LED2=0;
  37   1      }
  38          void main()
  39          {
  40   1        while(1){
  41   2          dendo=0;
  42   2          denvang=1;
  43   2          denxanh=1;
  44   2          for (dem=10;dem>=0;dem--)
  45   2          {
  46   3            for(i=0;i<500;i++)
  47   3            {
  48   4            led();
  49   4            } 
  50   3            hienthi();
  51   3          }
  52   2          
  53   2          dendo=1;
  54   2          denvang=0;
C51 COMPILER V9.60.7.0   BTH6_1                                                            12/17/2024 21:35:06 PAGE 2   

  55   2          denxanh=1;
  56   2          for (dem=5;dem>=0;dem--)
  57   2          {
  58   3            for(i=0;i<500;i++)
  59   3            {
  60   4            led();
  61   4            }
  62   3            hienthi();
  63   3          }
  64   2          dendo=1;
  65   2          denvang=1;
  66   2          denxanh=0;
  67   2          for (dem=10;dem>=0;dem--)
  68   2          {
  69   3            for(i=0;i<500;i++)
  70   3            {
  71   4            led();
  72   4            }
  73   3            hienthi();
  74   3          }
  75   2        }
  76   1      }      


MODULE INFORMATION:   STATIC OVERLAYABLE
   CODE SIZE        =    279    ----
   CONSTANT SIZE    =     10    ----
   XDATA SIZE       =   ----    ----
   PDATA SIZE       =   ----    ----
   DATA SIZE        =     10    ----
   IDATA SIZE       =   ----    ----
   BIT SIZE         =   ----    ----
END OF MODULE INFORMATION.


C51 COMPILATION COMPLETE.  0 WARNING(S),  0 ERROR(S)
